[0.077s] DEBUG:colcon:Command line arguments: ['/usr/bin/colcon', 'build']
[0.077s] DEBUG:colcon:Parsed command line arguments: Namespace(log_base=None, log_level=None, verb_name='build', build_base='build', install_base='install', merge_install=False, symlink_install=False, test_result_base=None, continue_on_error=False, executor='parallel', parallel_workers=16, event_handlers=None, ignore_user_meta=False, metas=['./colcon.meta'], base_paths=['.'], packages_ignore=None, packages_ignore_regex=None, paths=None, packages_up_to=None, packages_up_to_regex=None, packages_above=None, packages_above_and_dependencies=None, packages_above_depth=None, packages_select_by_dep=None, packages_skip_by_dep=None, packages_skip_up_to=None, packages_select_build_failed=False, packages_skip_build_finished=False, packages_select_test_failures=False, packages_skip_test_passed=False, packages_select=None, packages_skip=None, packages_select_regex=None, packages_skip_regex=None, packages_start=None, packages_end=None, allow_overriding=[], cmake_args=None, cmake_target=None, cmake_target_skip_unavailable=False, cmake_clean_cache=False, cmake_clean_first=False, cmake_force_configure=False, ament_cmake_args=None, catkin_cmake_args=None, catkin_skip_building_tests=False, mixin_files=None, mixin=None, verb_parser=<colcon_mixin.mixin.mixin_argument.MixinArgumentDecorator object at 0x758e767b5cc0>, verb_extension=<colcon_core.verb.build.BuildVerb object at 0x758e767b57b0>, main=<bound method BuildVerb.main of <colcon_core.verb.build.BuildVerb object at 0x758e767b57b0>>, mixin_verb=('build',))
[0.101s] Level 1:colcon.colcon_core.package_discovery:discover_packages(colcon_meta) check parameters
[0.101s] Level 1:colcon.colcon_core.package_discovery:discover_packages(recursive) check parameters
[0.101s] Level 1:colcon.colcon_core.package_discovery:discover_packages(ignore) check parameters
[0.101s] Level 1:colcon.colcon_core.package_discovery:discover_packages(path) check parameters
[0.101s] Level 1:colcon.colcon_core.package_discovery:discover_packages(colcon_meta) discover
[0.102s] Level 1:colcon.colcon_core.package_discovery:discover_packages(recursive) discover
[0.102s] INFO:colcon.colcon_core.package_discovery:Crawling recursively for packages in '/home/udit/Lightware_sf000_lidar/src'
[0.102s] Level 1:colcon.colcon_core.package_identification:_identify(.) by extensions ['ignore', 'ignore_ament_install']
[0.102s] Level 1:colcon.colcon_core.package_identification:_identify(.) by extension 'ignore'
[0.102s] Level 1:colcon.colcon_core.package_identification:_identify(.) by extension 'ignore_ament_install'
[0.102s] Level 1:colcon.colcon_core.package_identification:_identify(.) by extensions ['colcon_pkg']
[0.102s] Level 1:colcon.colcon_core.package_identification:_identify(.) by extension 'colcon_pkg'
[0.102s] Level 1:colcon.colcon_core.package_identification:_identify(.) by extensions ['colcon_meta']
[0.102s] Level 1:colcon.colcon_core.package_identification:_identify(.) by extension 'colcon_meta'
[0.102s] Level 1:colcon.colcon_core.package_identification:_identify(.) by extensions ['ros']
[0.102s] Level 1:colcon.colcon_core.package_identification:_identify(.) by extension 'ros'
[0.117s] Level 1:colcon.colcon_core.package_identification:_identify(.) by extensions ['cmake', 'python']
[0.118s] Level 1:colcon.colcon_core.package_identification:_identify(.) by extension 'cmake'
[0.118s] Level 1:colcon.colcon_core.package_identification:_identify(.) by extension 'python'
[0.118s] Level 1:colcon.colcon_core.package_identification:_identify(.) by extensions ['python_setup_py']
[0.118s] Level 1:colcon.colcon_core.package_identification:_identify(.) by extension 'python_setup_py'
[0.118s] Level 1:colcon.colcon_core.package_identification:_identify(build) by extensions ['ignore', 'ignore_ament_install']
[0.118s] Level 1:colcon.colcon_core.package_identification:_identify(build) by extension 'ignore'
[0.118s] Level 1:colcon.colcon_core.package_identification:_identify(build) ignored
[0.118s] Level 1:colcon.colcon_core.package_identification:_identify(install) by extensions ['ignore', 'ignore_ament_install']
[0.118s] Level 1:colcon.colcon_core.package_identification:_identify(install) by extension 'ignore'
[0.118s] Level 1:colcon.colcon_core.package_identification:_identify(install) ignored
[0.118s] Level 1:colcon.colcon_core.package_identification:_identify(log) by extensions ['ignore', 'ignore_ament_install']
[0.118s] Level 1:colcon.colcon_core.package_identification:_identify(log) by extension 'ignore'
[0.118s] Level 1:colcon.colcon_core.package_identification:_identify(log) ignored
[0.118s] Level 1:colcon.colcon_core.package_identification:_identify(sf000_lidar) by extensions ['ignore', 'ignore_ament_install']
[0.118s] Level 1:colcon.colcon_core.package_identification:_identify(sf000_lidar) by extension 'ignore'
[0.118s] Level 1:colcon.colcon_core.package_identification:_identify(sf000_lidar) by extension 'ignore_ament_install'
[0.118s] Level 1:colcon.colcon_core.package_identification:_identify(sf000_lidar) by extensions ['colcon_pkg']
[0.118s] Level 1:colcon.colcon_core.package_identification:_identify(sf000_lidar) by extension 'colcon_pkg'
[0.118s] Level 1:colcon.colcon_core.package_identification:_identify(sf000_lidar) by extensions ['colcon_meta']
[0.118s] Level 1:colcon.colcon_core.package_identification:_identify(sf000_lidar) by extension 'colcon_meta'
[0.118s] Level 1:colcon.colcon_core.package_identification:_identify(sf000_lidar) by extensions ['ros']
[0.118s] Level 1:colcon.colcon_core.package_identification:_identify(sf000_lidar) by extension 'ros'
[0.120s] DEBUG:colcon.colcon_core.package_identification:Package 'sf000_lidar' with type 'ros.ament_python' and name 'sf000_lidar'
[0.120s] Level 1:colcon.colcon_core.package_discovery:discover_packages(recursive) using defaults
[0.120s] Level 1:colcon.colcon_core.package_discovery:discover_packages(ignore) discover
[0.120s] Level 1:colcon.colcon_core.package_discovery:discover_packages(ignore) using defaults
[0.120s] Level 1:colcon.colcon_core.package_discovery:discover_packages(path) discover
[0.120s] Level 1:colcon.colcon_core.package_discovery:discover_packages(path) using defaults
[0.132s] Level 1:colcon.colcon_core.package_discovery:discover_packages(prefix_path) check parameters
[0.132s] Level 1:colcon.colcon_core.package_discovery:discover_packages(prefix_path) discover
[0.134s] DEBUG:colcon.colcon_installed_package_information.package_discovery:Found 298 installed packages in /opt/ros/humble
[0.135s] Level 1:colcon.colcon_core.package_discovery:discover_packages(prefix_path) using defaults
[0.159s] Level 5:colcon.colcon_core.verb:set package 'sf000_lidar' build argument 'cmake_args' from command line to 'None'
[0.159s] Level 5:colcon.colcon_core.verb:set package 'sf000_lidar' build argument 'cmake_target' from command line to 'None'
[0.159s] Level 5:colcon.colcon_core.verb:set package 'sf000_lidar' build argument 'cmake_target_skip_unavailable' from command line to 'False'
[0.159s] Level 5:colcon.colcon_core.verb:set package 'sf000_lidar' build argument 'cmake_clean_cache' from command line to 'False'
[0.159s] Level 5:colcon.colcon_core.verb:set package 'sf000_lidar' build argument 'cmake_clean_first' from command line to 'False'
[0.159s] Level 5:colcon.colcon_core.verb:set package 'sf000_lidar' build argument 'cmake_force_configure' from command line to 'False'
[0.159s] Level 5:colcon.colcon_core.verb:set package 'sf000_lidar' build argument 'ament_cmake_args' from command line to 'None'
[0.159s] Level 5:colcon.colcon_core.verb:set package 'sf000_lidar' build argument 'catkin_cmake_args' from command line to 'None'
[0.159s] Level 5:colcon.colcon_core.verb:set package 'sf000_lidar' build argument 'catkin_skip_building_tests' from command line to 'False'
[0.159s] DEBUG:colcon.colcon_core.verb:Building package 'sf000_lidar' with the following arguments: {'ament_cmake_args': None, 'build_base': '/home/udit/Lightware_sf000_lidar/src/build/sf000_lidar', 'catkin_cmake_args': None, 'catkin_skip_building_tests': False, 'cmake_args': None, 'cmake_clean_cache': False, 'cmake_clean_first': False, 'cmake_force_configure': False, 'cmake_target': None, 'cmake_target_skip_unavailable': False, 'install_base': '/home/udit/Lightware_sf000_lidar/src/install/sf000_lidar', 'merge_install': False, 'path': '/home/udit/Lightware_sf000_lidar/src/sf000_lidar', 'symlink_install': False, 'test_result_base': None}
[0.159s] INFO:colcon.colcon_core.executor:Executing jobs using 'parallel' executor
[0.160s] DEBUG:colcon.colcon_parallel_executor.executor.parallel:run_until_complete
[0.160s] INFO:colcon.colcon_ros.task.ament_python.build:Building ROS package in '/home/udit/Lightware_sf000_lidar/src/sf000_lidar' with build type 'ament_python'
[0.160s] Level 1:colcon.colcon_core.shell:create_environment_hook('sf000_lidar', 'ament_prefix_path')
[0.161s] INFO:colcon.colcon_core.plugin_system:Skipping extension 'colcon_core.shell.bat': Not used on non-Windows systems
[0.161s] INFO:colcon.colcon_core.shell:Creating environment hook '/home/udit/Lightware_sf000_lidar/src/install/sf000_lidar/share/sf000_lidar/hook/ament_prefix_path.ps1'
[0.162s] INFO:colcon.colcon_core.shell:Creating environment descriptor '/home/udit/Lightware_sf000_lidar/src/install/sf000_lidar/share/sf000_lidar/hook/ament_prefix_path.dsv'
[0.162s] INFO:colcon.colcon_core.shell:Creating environment hook '/home/udit/Lightware_sf000_lidar/src/install/sf000_lidar/share/sf000_lidar/hook/ament_prefix_path.sh'
[0.162s] INFO:colcon.colcon_core.shell:Skip shell extension 'powershell' for command environment: Not usable outside of PowerShell
[0.162s] DEBUG:colcon.colcon_core.shell:Skip shell extension 'dsv' for command environment
[0.315s] INFO:colcon.colcon_core.task.python.build:Building Python package in '/home/udit/Lightware_sf000_lidar/src/sf000_lidar'
[0.315s] INFO:colcon.colcon_core.shell:Skip shell extension 'powershell' for command environment: Not usable outside of PowerShell
[0.315s] DEBUG:colcon.colcon_core.shell:Skip shell extension 'dsv' for command environment
[0.751s] DEBUG:colcon.colcon_core.event_handler.log_command:Invoking command in '/home/udit/Lightware_sf000_lidar/src/sf000_lidar': PYTHONPATH=/home/udit/Lightware_sf000_lidar/src/build/sf000_lidar/prefix_override:/usr/lib/python3/dist-packages/colcon_core/task/python/colcon_distutils_commands:/home/udit/Lightware_sf000_lidar/src/install/sf000_lidar/lib/python3.10/site-packages:${PYTHONPATH} /usr/bin/python3 -W ignore:setup.py install is deprecated -W ignore:easy_install command is deprecated setup.py egg_info --egg-base ../build/sf000_lidar build --build-base /home/udit/Lightware_sf000_lidar/src/build/sf000_lidar/build install --record /home/udit/Lightware_sf000_lidar/src/build/sf000_lidar/install.log --single-version-externally-managed install_data
[1.163s] DEBUG:colcon.colcon_core.event_handler.log_command:Invoked command in '/home/udit/Lightware_sf000_lidar/src/sf000_lidar' returned '0': PYTHONPATH=/home/udit/Lightware_sf000_lidar/src/build/sf000_lidar/prefix_override:/usr/lib/python3/dist-packages/colcon_core/task/python/colcon_distutils_commands:/home/udit/Lightware_sf000_lidar/src/install/sf000_lidar/lib/python3.10/site-packages:${PYTHONPATH} /usr/bin/python3 -W ignore:setup.py install is deprecated -W ignore:easy_install command is deprecated setup.py egg_info --egg-base ../build/sf000_lidar build --build-base /home/udit/Lightware_sf000_lidar/src/build/sf000_lidar/build install --record /home/udit/Lightware_sf000_lidar/src/build/sf000_lidar/install.log --single-version-externally-managed install_data
[1.165s] Level 1:colcon.colcon_core.environment:checking '/home/udit/Lightware_sf000_lidar/src/install/sf000_lidar' for CMake module files
[1.165s] Level 1:colcon.colcon_core.environment:checking '/home/udit/Lightware_sf000_lidar/src/install/sf000_lidar' for CMake config files
[1.166s] Level 1:colcon.colcon_core.environment:checking '/home/udit/Lightware_sf000_lidar/src/install/sf000_lidar/lib'
[1.166s] Level 1:colcon.colcon_core.environment:checking '/home/udit/Lightware_sf000_lidar/src/install/sf000_lidar/bin'
[1.166s] Level 1:colcon.colcon_core.environment:checking '/home/udit/Lightware_sf000_lidar/src/install/sf000_lidar/lib/pkgconfig/sf000_lidar.pc'
[1.167s] Level 1:colcon.colcon_core.environment:checking '/home/udit/Lightware_sf000_lidar/src/install/sf000_lidar/lib/python3.10/site-packages'
[1.167s] Level 1:colcon.colcon_core.shell:create_environment_hook('sf000_lidar', 'pythonpath')
[1.167s] INFO:colcon.colcon_core.shell:Creating environment hook '/home/udit/Lightware_sf000_lidar/src/install/sf000_lidar/share/sf000_lidar/hook/pythonpath.ps1'
[1.167s] INFO:colcon.colcon_core.shell:Creating environment descriptor '/home/udit/Lightware_sf000_lidar/src/install/sf000_lidar/share/sf000_lidar/hook/pythonpath.dsv'
[1.168s] INFO:colcon.colcon_core.shell:Creating environment hook '/home/udit/Lightware_sf000_lidar/src/install/sf000_lidar/share/sf000_lidar/hook/pythonpath.sh'
[1.168s] Level 1:colcon.colcon_core.environment:checking '/home/udit/Lightware_sf000_lidar/src/install/sf000_lidar/bin'
[1.168s] Level 1:colcon.colcon_core.environment:create_environment_scripts_only(sf000_lidar)
[1.168s] INFO:colcon.colcon_core.shell:Creating package script '/home/udit/Lightware_sf000_lidar/src/install/sf000_lidar/share/sf000_lidar/package.ps1'
[1.169s] INFO:colcon.colcon_core.shell:Creating package descriptor '/home/udit/Lightware_sf000_lidar/src/install/sf000_lidar/share/sf000_lidar/package.dsv'
[1.170s] INFO:colcon.colcon_core.shell:Creating package script '/home/udit/Lightware_sf000_lidar/src/install/sf000_lidar/share/sf000_lidar/package.sh'
[1.170s] INFO:colcon.colcon_core.shell:Creating package script '/home/udit/Lightware_sf000_lidar/src/install/sf000_lidar/share/sf000_lidar/package.bash'
[1.171s] INFO:colcon.colcon_core.shell:Creating package script '/home/udit/Lightware_sf000_lidar/src/install/sf000_lidar/share/sf000_lidar/package.zsh'
[1.172s] Level 1:colcon.colcon_core.environment:create_file_with_runtime_dependencies(/home/udit/Lightware_sf000_lidar/src/install/sf000_lidar/share/colcon-core/packages/sf000_lidar)
[1.172s] DEBUG:colcon.colcon_parallel_executor.executor.parallel:closing loop
[1.172s] DEBUG:colcon.colcon_parallel_executor.executor.parallel:loop closed
[1.172s] DEBUG:colcon.colcon_parallel_executor.executor.parallel:run_until_complete finished with '0'
[1.172s] DEBUG:colcon.colcon_core.event_reactor:joining thread
[1.177s] INFO:colcon.colcon_core.plugin_system:Skipping extension 'colcon_notification.desktop_notification.terminal_notifier': Not used on non-Darwin systems
[1.177s] INFO:colcon.colcon_core.plugin_system:Skipping extension 'colcon_notification.desktop_notification.win32': Not used on non-Windows systems
[1.177s] INFO:colcon.colcon_notification.desktop_notification:Sending desktop notification using 'notify2'
[1.187s] DEBUG:colcon.colcon_core.event_reactor:joined thread
[1.188s] INFO:colcon.colcon_core.shell:Creating prefix script '/home/udit/Lightware_sf000_lidar/src/install/local_setup.ps1'
[1.189s] INFO:colcon.colcon_core.shell:Creating prefix util module '/home/udit/Lightware_sf000_lidar/src/install/_local_setup_util_ps1.py'
[1.190s] INFO:colcon.colcon_core.shell:Creating prefix chain script '/home/udit/Lightware_sf000_lidar/src/install/setup.ps1'
[1.191s] INFO:colcon.colcon_core.shell:Creating prefix script '/home/udit/Lightware_sf000_lidar/src/install/local_setup.sh'
[1.191s] INFO:colcon.colcon_core.shell:Creating prefix util module '/home/udit/Lightware_sf000_lidar/src/install/_local_setup_util_sh.py'
[1.192s] INFO:colcon.colcon_core.shell:Creating prefix chain script '/home/udit/Lightware_sf000_lidar/src/install/setup.sh'
[1.193s] INFO:colcon.colcon_core.shell:Creating prefix script '/home/udit/Lightware_sf000_lidar/src/install/local_setup.bash'
[1.193s] INFO:colcon.colcon_core.shell:Creating prefix chain script '/home/udit/Lightware_sf000_lidar/src/install/setup.bash'
[1.194s] INFO:colcon.colcon_core.shell:Creating prefix script '/home/udit/Lightware_sf000_lidar/src/install/local_setup.zsh'
[1.194s] INFO:colcon.colcon_core.shell:Creating prefix chain script '/home/udit/Lightware_sf000_lidar/src/install/setup.zsh'
