[0.598s] Invoking command in '/home/udit/Lightware_sf000_lidar/src/sf000_lidar': PYTHONPATH=/home/udit/Lightware_sf000_lidar/build/sf000_lidar/prefix_override:/usr/lib/python3/dist-packages/colcon_core/task/python/colcon_distutils_commands:/home/udit/Lightware_sf000_lidar/install/sf000_lidar/lib/python3.10/site-packages:${PYTHONPATH} /usr/bin/python3 -W ignore:setup.py install is deprecated -W ignore:easy_install command is deprecated setup.py egg_info --egg-base ../../build/sf000_lidar build --build-base /home/udit/Lightware_sf000_lidar/build/sf000_lidar/build install --record /home/udit/Lightware_sf000_lidar/build/sf000_lidar/install.log --single-version-externally-managed install_data
[0.706s] /home/udit/.local/lib/python3.10/site-packages/setuptools/_distutils/dist.py:289: UserWarning: Unknown distribution option: 'tests_require'
[0.706s]   warnings.warn(msg)
[0.807s] running egg_info
[0.823s] creating ../../build/sf000_lidar/sf000_lidar.egg-info
[0.823s] writing ../../build/sf000_lidar/sf000_lidar.egg-info/PKG-INFO
[0.824s] writing dependency_links to ../../build/sf000_lidar/sf000_lidar.egg-info/dependency_links.txt
[0.824s] writing entry points to ../../build/sf000_lidar/sf000_lidar.egg-info/entry_points.txt
[0.824s] writing requirements to ../../build/sf000_lidar/sf000_lidar.egg-info/requires.txt
[0.824s] writing top-level names to ../../build/sf000_lidar/sf000_lidar.egg-info/top_level.txt
[0.912s] writing manifest file '../../build/sf000_lidar/sf000_lidar.egg-info/SOURCES.txt'
[0.946s] reading manifest file '../../build/sf000_lidar/sf000_lidar.egg-info/SOURCES.txt'
[0.947s] writing manifest file '../../build/sf000_lidar/sf000_lidar.egg-info/SOURCES.txt'
[0.947s] running build
[0.947s] running build_py
[0.947s] creating /home/udit/Lightware_sf000_lidar/build/sf000_lidar/build/lib/sf000_lidar
[0.947s] copying sf000_lidar/sf000_driver.py -> /home/udit/Lightware_sf000_lidar/build/sf000_lidar/build/lib/sf000_lidar
[0.948s] copying sf000_lidar/__init__.py -> /home/udit/Lightware_sf000_lidar/build/sf000_lidar/build/lib/sf000_lidar
[0.948s] running install
[0.950s] running install_lib
[0.967s] creating /home/udit/Lightware_sf000_lidar/install/sf000_lidar/lib/python3.10/site-packages/sf000_lidar
[0.967s] copying /home/udit/Lightware_sf000_lidar/build/sf000_lidar/build/lib/sf000_lidar/sf000_driver.py -> /home/udit/Lightware_sf000_lidar/install/sf000_lidar/lib/python3.10/site-packages/sf000_lidar
[0.967s] copying /home/udit/Lightware_sf000_lidar/build/sf000_lidar/build/lib/sf000_lidar/__init__.py -> /home/udit/Lightware_sf000_lidar/install/sf000_lidar/lib/python3.10/site-packages/sf000_lidar
[0.968s] byte-compiling /home/udit/Lightware_sf000_lidar/install/sf000_lidar/lib/python3.10/site-packages/sf000_lidar/sf000_driver.py to sf000_driver.cpython-310.pyc
[0.968s] byte-compiling /home/udit/Lightware_sf000_lidar/install/sf000_lidar/lib/python3.10/site-packages/sf000_lidar/__init__.py to __init__.cpython-310.pyc
[0.968s] running install_data
[0.968s] creating /home/udit/Lightware_sf000_lidar/install/sf000_lidar/share/ament_index/resource_index/packages
[0.968s] copying resource/sf000_lidar -> /home/udit/Lightware_sf000_lidar/install/sf000_lidar/share/ament_index/resource_index/packages
[0.969s] copying package.xml -> /home/udit/Lightware_sf000_lidar/install/sf000_lidar/share/sf000_lidar
[0.969s] running install_egg_info
[0.986s] Copying ../../build/sf000_lidar/sf000_lidar.egg-info to /home/udit/Lightware_sf000_lidar/install/sf000_lidar/lib/python3.10/site-packages/sf000_lidar-0.0.0-py3.10.egg-info
[0.987s] running install_scripts
[1.026s] Installing sf000_driver script to /home/udit/Lightware_sf000_lidar/install/sf000_lidar/lib/sf000_lidar
[1.026s] writing list of installed files to '/home/udit/Lightware_sf000_lidar/build/sf000_lidar/install.log'
[1.045s] Invoked command in '/home/udit/Lightware_sf000_lidar/src/sf000_lidar' returned '0': PYTHONPATH=/home/udit/Lightware_sf000_lidar/build/sf000_lidar/prefix_override:/usr/lib/python3/dist-packages/colcon_core/task/python/colcon_distutils_commands:/home/udit/Lightware_sf000_lidar/install/sf000_lidar/lib/python3.10/site-packages:${PYTHONPATH} /usr/bin/python3 -W ignore:setup.py install is deprecated -W ignore:easy_install command is deprecated setup.py egg_info --egg-base ../../build/sf000_lidar build --build-base /home/udit/Lightware_sf000_lidar/build/sf000_lidar/build install --record /home/udit/Lightware_sf000_lidar/build/sf000_lidar/install.log --single-version-externally-managed install_data
