[0.084s] DEBUG:colcon:Command line arguments: ['/usr/bin/colcon', 'list', '-p', '--base-paths', '/home/udit/Lightware_sf000_lidar', '--log-base', '/dev/null']
[0.084s] DEBUG:colcon:Parsed command line arguments: Namespace(log_base=None, log_level=None, verb_name='list', build_base='build', ignore_user_meta=False, metas=['./colcon.meta'], base_paths=['/home/udit/Lightware_sf000_lidar', '--log-base', '/dev/null'], packages_ignore=None, packages_ignore_regex=None, paths=None, packages_up_to=None, packages_up_to_regex=None, packages_above=None, packages_above_and_dependencies=None, packages_above_depth=None, packages_select_by_dep=None, packages_skip_by_dep=None, packages_skip_up_to=None, packages_select_build_failed=False, packages_skip_build_finished=False, packages_select_test_failures=False, packages_skip_test_passed=False, packages_select=None, packages_skip=None, packages_select_regex=None, packages_skip_regex=None, packages_start=None, packages_end=None, allow_overriding=[], topological_order=False, names_only=False, paths_only=True, topological_graph=False, topological_graph_dot=False, topological_graph_density=False, topological_graph_legend=False, topological_graph_dot_cluster=False, topological_graph_dot_include_skipped=False, mixin_files=None, mixin=None, verb_parser=<colcon_mixin.mixin.mixin_argument.MixinArgumentDecorator object at 0x7780895aedd0>, verb_extension=<colcon_package_information.verb.list.ListVerb object at 0x7780895ada50>, main=<bound method ListVerb.main of <colcon_package_information.verb.list.ListVerb object at 0x7780895ada50>>, mixin_verb=('list',))
[0.117s] Level 1:colcon.colcon_core.package_discovery:discover_packages(colcon_meta) check parameters
[0.117s] Level 1:colcon.colcon_core.package_discovery:discover_packages(recursive) check parameters
[0.117s] Level 1:colcon.colcon_core.package_discovery:discover_packages(ignore) check parameters
[0.117s] Level 1:colcon.colcon_core.package_discovery:discover_packages(path) check parameters
[0.117s] Level 1:colcon.colcon_core.package_discovery:discover_packages(recursive) discover
[0.117s] INFO:colcon.colcon_core.package_discovery:Crawling recursively for packages in '/home/udit/Lightware_sf000_lidar', '/home/udit/Lightware_sf000_lidar/--log-base', '/dev/null'
[0.118s] Level 1:colcon.colcon_core.package_identification:_identify(/home/udit/Lightware_sf000_lidar) by extensions ['ignore', 'ignore_ament_install']
[0.118s] Level 1:colcon.colcon_core.package_identification:_identify(/home/udit/Lightware_sf000_lidar) by extension 'ignore'
[0.118s] Level 1:colcon.colcon_core.package_identification:_identify(/home/udit/Lightware_sf000_lidar) by extension 'ignore_ament_install'
[0.118s] Level 1:colcon.colcon_core.package_identification:_identify(/home/udit/Lightware_sf000_lidar) by extensions ['colcon_pkg']
[0.118s] Level 1:colcon.colcon_core.package_identification:_identify(/home/udit/Lightware_sf000_lidar) by extension 'colcon_pkg'
[0.118s] Level 1:colcon.colcon_core.package_identification:_identify(/home/udit/Lightware_sf000_lidar) by extensions ['colcon_meta']
[0.118s] Level 1:colcon.colcon_core.package_identification:_identify(/home/udit/Lightware_sf000_lidar) by extension 'colcon_meta'
[0.118s] Level 1:colcon.colcon_core.package_identification:_identify(/home/udit/Lightware_sf000_lidar) by extensions ['ros']
[0.118s] Level 1:colcon.colcon_core.package_identification:_identify(/home/udit/Lightware_sf000_lidar) by extension 'ros'
[0.137s] Level 1:colcon.colcon_core.package_identification:_identify(/home/udit/Lightware_sf000_lidar) by extensions ['cmake', 'python']
[0.137s] Level 1:colcon.colcon_core.package_identification:_identify(/home/udit/Lightware_sf000_lidar) by extension 'cmake'
[0.137s] Level 1:colcon.colcon_core.package_identification:_identify(/home/udit/Lightware_sf000_lidar) by extension 'python'
[0.137s] Level 1:colcon.colcon_core.package_identification:_identify(/home/udit/Lightware_sf000_lidar) by extensions ['python_setup_py']
[0.138s] Level 1:colcon.colcon_core.package_identification:_identify(/home/udit/Lightware_sf000_lidar) by extension 'python_setup_py'
[0.138s] Level 1:colcon.colcon_core.package_identification:_identify(/home/udit/Lightware_sf000_lidar/build) by extensions ['ignore', 'ignore_ament_install']
[0.138s] Level 1:colcon.colcon_core.package_identification:_identify(/home/udit/Lightware_sf000_lidar/build) by extension 'ignore'
[0.138s] Level 1:colcon.colcon_core.package_identification:_identify(/home/udit/Lightware_sf000_lidar/build) ignored
[0.138s] Level 1:colcon.colcon_core.package_identification:_identify(/home/udit/Lightware_sf000_lidar/install) by extensions ['ignore', 'ignore_ament_install']
[0.138s] Level 1:colcon.colcon_core.package_identification:_identify(/home/udit/Lightware_sf000_lidar/install) by extension 'ignore'
[0.138s] Level 1:colcon.colcon_core.package_identification:_identify(/home/udit/Lightware_sf000_lidar/install) ignored
[0.138s] Level 1:colcon.colcon_core.package_identification:_identify(/home/udit/Lightware_sf000_lidar/log) by extensions ['ignore', 'ignore_ament_install']
[0.138s] Level 1:colcon.colcon_core.package_identification:_identify(/home/udit/Lightware_sf000_lidar/log) by extension 'ignore'
[0.138s] Level 1:colcon.colcon_core.package_identification:_identify(/home/udit/Lightware_sf000_lidar/log) ignored
[0.138s] Level 1:colcon.colcon_core.package_identification:_identify(/home/udit/Lightware_sf000_lidar/src) by extensions ['ignore', 'ignore_ament_install']
[0.138s] Level 1:colcon.colcon_core.package_identification:_identify(/home/udit/Lightware_sf000_lidar/src) by extension 'ignore'
[0.138s] Level 1:colcon.colcon_core.package_identification:_identify(/home/udit/Lightware_sf000_lidar/src) by extension 'ignore_ament_install'
[0.138s] Level 1:colcon.colcon_core.package_identification:_identify(/home/udit/Lightware_sf000_lidar/src) by extensions ['colcon_pkg']
[0.138s] Level 1:colcon.colcon_core.package_identification:_identify(/home/udit/Lightware_sf000_lidar/src) by extension 'colcon_pkg'
[0.138s] Level 1:colcon.colcon_core.package_identification:_identify(/home/udit/Lightware_sf000_lidar/src) by extensions ['colcon_meta']
[0.138s] Level 1:colcon.colcon_core.package_identification:_identify(/home/udit/Lightware_sf000_lidar/src) by extension 'colcon_meta'
[0.139s] Level 1:colcon.colcon_core.package_identification:_identify(/home/udit/Lightware_sf000_lidar/src) by extensions ['ros']
[0.139s] Level 1:colcon.colcon_core.package_identification:_identify(/home/udit/Lightware_sf000_lidar/src) by extension 'ros'
[0.139s] Level 1:colcon.colcon_core.package_identification:_identify(/home/udit/Lightware_sf000_lidar/src) by extensions ['cmake', 'python']
[0.139s] Level 1:colcon.colcon_core.package_identification:_identify(/home/udit/Lightware_sf000_lidar/src) by extension 'cmake'
[0.139s] Level 1:colcon.colcon_core.package_identification:_identify(/home/udit/Lightware_sf000_lidar/src) by extension 'python'
[0.139s] Level 1:colcon.colcon_core.package_identification:_identify(/home/udit/Lightware_sf000_lidar/src) by extensions ['python_setup_py']
[0.139s] Level 1:colcon.colcon_core.package_identification:_identify(/home/udit/Lightware_sf000_lidar/src) by extension 'python_setup_py'
[0.139s] Level 1:colcon.colcon_core.package_identification:_identify(/home/udit/Lightware_sf000_lidar/src/build) by extensions ['ignore', 'ignore_ament_install']
[0.139s] Level 1:colcon.colcon_core.package_identification:_identify(/home/udit/Lightware_sf000_lidar/src/build) by extension 'ignore'
[0.139s] Level 1:colcon.colcon_core.package_identification:_identify(/home/udit/Lightware_sf000_lidar/src/build) ignored
[0.139s] Level 1:colcon.colcon_core.package_identification:_identify(/home/udit/Lightware_sf000_lidar/src/install) by extensions ['ignore', 'ignore_ament_install']
[0.139s] Level 1:colcon.colcon_core.package_identification:_identify(/home/udit/Lightware_sf000_lidar/src/install) by extension 'ignore'
[0.139s] Level 1:colcon.colcon_core.package_identification:_identify(/home/udit/Lightware_sf000_lidar/src/install) ignored
[0.139s] Level 1:colcon.colcon_core.package_identification:_identify(/home/udit/Lightware_sf000_lidar/src/log) by extensions ['ignore', 'ignore_ament_install']
[0.139s] Level 1:colcon.colcon_core.package_identification:_identify(/home/udit/Lightware_sf000_lidar/src/log) by extension 'ignore'
[0.139s] Level 1:colcon.colcon_core.package_identification:_identify(/home/udit/Lightware_sf000_lidar/src/log) ignored
[0.139s] Level 1:colcon.colcon_core.package_identification:_identify(/home/udit/Lightware_sf000_lidar/src/sf000_lidar) by extensions ['ignore', 'ignore_ament_install']
[0.139s] Level 1:colcon.colcon_core.package_identification:_identify(/home/udit/Lightware_sf000_lidar/src/sf000_lidar) by extension 'ignore'
[0.139s] Level 1:colcon.colcon_core.package_identification:_identify(/home/udit/Lightware_sf000_lidar/src/sf000_lidar) by extension 'ignore_ament_install'
[0.140s] Level 1:colcon.colcon_core.package_identification:_identify(/home/udit/Lightware_sf000_lidar/src/sf000_lidar) by extensions ['colcon_pkg']
[0.140s] Level 1:colcon.colcon_core.package_identification:_identify(/home/udit/Lightware_sf000_lidar/src/sf000_lidar) by extension 'colcon_pkg'
[0.140s] Level 1:colcon.colcon_core.package_identification:_identify(/home/udit/Lightware_sf000_lidar/src/sf000_lidar) by extensions ['colcon_meta']
[0.140s] Level 1:colcon.colcon_core.package_identification:_identify(/home/udit/Lightware_sf000_lidar/src/sf000_lidar) by extension 'colcon_meta'
[0.140s] Level 1:colcon.colcon_core.package_identification:_identify(/home/udit/Lightware_sf000_lidar/src/sf000_lidar) by extensions ['ros']
[0.140s] Level 1:colcon.colcon_core.package_identification:_identify(/home/udit/Lightware_sf000_lidar/src/sf000_lidar) by extension 'ros'
[0.142s] DEBUG:colcon.colcon_core.package_identification:Package '/home/udit/Lightware_sf000_lidar/src/sf000_lidar' with type 'ros.ament_python' and name 'sf000_lidar'
[0.142s] Level 1:colcon.colcon_core.package_discovery:discover_packages(recursive) using defaults
