[0.600s] Invoking command in '/home/udit/Lightware_sf000_lidar/src/sf000_lidar': PYTHONPATH=/home/udit/Lightware_sf000_lidar/build/sf000_lidar/prefix_override:/usr/lib/python3/dist-packages/colcon_core/task/python/colcon_distutils_commands:/home/udit/Lightware_sf000_lidar/install/sf000_lidar/lib/python3.10/site-packages:${PYTHONPATH} /usr/bin/python3 -W ignore:setup.py install is deprecated -W ignore:easy_install command is deprecated setup.py egg_info --egg-base ../../build/sf000_lidar build --build-base /home/udit/Lightware_sf000_lidar/build/sf000_lidar/build install --record /home/udit/Lightware_sf000_lidar/build/sf000_lidar/install.log --single-version-externally-managed install_data
[0.798s] running egg_info
[0.814s] writing ../../build/sf000_lidar/sf000_lidar.egg-info/PKG-INFO
[0.814s] writing dependency_links to ../../build/sf000_lidar/sf000_lidar.egg-info/dependency_links.txt
[0.814s] writing entry points to ../../build/sf000_lidar/sf000_lidar.egg-info/entry_points.txt
[0.814s] writing requirements to ../../build/sf000_lidar/sf000_lidar.egg-info/requires.txt
[0.814s] writing top-level names to ../../build/sf000_lidar/sf000_lidar.egg-info/top_level.txt
[0.934s] reading manifest file '../../build/sf000_lidar/sf000_lidar.egg-info/SOURCES.txt'
[0.935s] writing manifest file '../../build/sf000_lidar/sf000_lidar.egg-info/SOURCES.txt'
[0.935s] running build
[0.935s] running build_py
[0.935s] copying sf000_lidar/sf000_driver.py -> /home/udit/Lightware_sf000_lidar/build/sf000_lidar/build/lib/sf000_lidar
[0.935s] copying sf000_lidar/__init__.py -> /home/udit/Lightware_sf000_lidar/build/sf000_lidar/build/lib/sf000_lidar
[0.935s] running install
[0.938s] running install_lib
[0.954s] running install_data
[0.954s] copying resource/sf000_lidar -> /home/udit/Lightware_sf000_lidar/install/sf000_lidar/share/ament_index/resource_index/packages
[0.954s] copying package.xml -> /home/udit/Lightware_sf000_lidar/install/sf000_lidar/share/sf000_lidar
[0.955s] running install_egg_info
[0.971s] removing '/home/udit/Lightware_sf000_lidar/install/sf000_lidar/lib/python3.10/site-packages/sf000_lidar-0.0.0-py3.10.egg-info' (and everything under it)
[0.971s] Copying ../../build/sf000_lidar/sf000_lidar.egg-info to /home/udit/Lightware_sf000_lidar/install/sf000_lidar/lib/python3.10/site-packages/sf000_lidar-0.0.0-py3.10.egg-info
[0.972s] running install_scripts
[1.008s] Installing sf000_driver script to /home/udit/Lightware_sf000_lidar/install/sf000_lidar/lib/sf000_lidar
[1.008s] writing list of installed files to '/home/udit/Lightware_sf000_lidar/build/sf000_lidar/install.log'
[1.024s] Invoked command in '/home/udit/Lightware_sf000_lidar/src/sf000_lidar' returned '0': PYTHONPATH=/home/udit/Lightware_sf000_lidar/build/sf000_lidar/prefix_override:/usr/lib/python3/dist-packages/colcon_core/task/python/colcon_distutils_commands:/home/udit/Lightware_sf000_lidar/install/sf000_lidar/lib/python3.10/site-packages:${PYTHONPATH} /usr/bin/python3 -W ignore:setup.py install is deprecated -W ignore:easy_install command is deprecated setup.py egg_info --egg-base ../../build/sf000_lidar build --build-base /home/udit/Lightware_sf000_lidar/build/sf000_lidar/build install --record /home/udit/Lightware_sf000_lidar/build/sf000_lidar/install.log --single-version-externally-managed install_data
